Library/Bee/Android/Prj/IL2CPP/Gradle/launcher/build/intermediates/manifest_merge_blame_file/release/manifest-merger-blame-release-report.txt
1<?xml version="1.0" encoding="utf-8"?>
2<manifest xmlns:android="http://schemas.android.com/apk/res/android"
3    package="com.DefaultCompany.WhaleARProject"
4    android:installLocation="preferExternal"
5    android:versionCode="1"
6    android:versionName="0.1" >
7
8    <uses-sdk
9        android:minSdkVersion="26"
9-->src\main\AndroidManifest.xml
10        android:targetSdkVersion="30" />
10-->src\main\AndroidManifest.xml
11
12    <supports-screens
12-->src\main\AndroidManifest.xml:3:3-163
13        android:anyDensity="true"
13-->src\main\AndroidManifest.xml:3:135-160
14        android:largeScreens="true"
14-->src\main\AndroidManifest.xml:3:78-105
15        android:normalScreens="true"
15-->src\main\AndroidManifest.xml:3:49-77
16        android:smallScreens="true"
16-->src\main\AndroidManifest.xml:3:21-48
17        android:xlargeScreens="true" />
17-->src\main\AndroidManifest.xml:3:106-134
18
19    <uses-permission android:name="android.permission.BLUETOOTH" />
19-->[:unityLibrary] AndroidManifest.xml:21:5-68
19-->[:unityLibrary] AndroidManifest.xml:21:22-65
20
21    <uses-feature android:glEsVersion="0x00030000" />
21-->[:unityLibrary] AndroidManifest.xml:23:5-54
21-->[:unityLibrary] AndroidManifest.xml:23:19-51
22
23    <uses-permission android:name="android.permission.VIBRATE" />
23-->[:unityLibrary] AndroidManifest.xml:25:5-66
23-->[:unityLibrary] AndroidManifest.xml:25:22-63
24    <uses-permission android:name="android.permission.WRITE_EXTERNAL_STORAGE" />
24-->[:unityLibrary] AndroidManifest.xml:26:5-81
24-->[:unityLibrary] AndroidManifest.xml:26:22-78
25
26    <uses-feature
26-->[:unityLibrary] AndroidManifest.xml:28:5-30:36
27        android:name="android.hardware.touchscreen"
27-->[:unityLibrary] AndroidManifest.xml:29:9-52
28        android:required="false" />
28-->[:unityLibrary] AndroidManifest.xml:30:9-33
29    <uses-feature
29-->[:unityLibrary] AndroidManifest.xml:31:5-33:36
30        android:name="android.hardware.touchscreen.multitouch"
30-->[:unityLibrary] AndroidManifest.xml:32:9-63
31        android:required="false" />
31-->[:unityLibrary] AndroidManifest.xml:33:9-33
32    <uses-feature
32-->[:unityLibrary] AndroidManifest.xml:34:5-36:36
33        android:name="android.hardware.touchscreen.multitouch.distinct"
33-->[:unityLibrary] AndroidManifest.xml:35:9-72
34        android:required="false" />
34-->[:unityLibrary] AndroidManifest.xml:36:9-33
35
36    <uses-permission android:name="android.permission.FOREGROUND_SERVICE" />
36-->[:nrunityandroidpermission:] AndroidManifest.xml:12:5-77
36-->[:nrunityandroidpermission:] AndroidManifest.xml:12:22-74
37
38    <queries>
38-->[:nr_api:] AndroidManifest.xml:11:5-15:15
39        <intent>
39-->[:nr_api:] AndroidManifest.xml:12:9-14:18
40            <action android:name="ai.nreal.nrsdk.network.type.server" />
40-->[:nr_api:] AndroidManifest.xml:13:13-73
40-->[:nr_api:] AndroidManifest.xml:13:21-70
41        </intent>
42    </queries>
43
44    <uses-permission android:name="android.permission.HIGH_SAMPLING_RATE_SENSORS" />
44-->[:nr_api:] AndroidManifest.xml:17:5-85
44-->[:nr_api:] AndroidManifest.xml:17:22-82
45
46    <application
46-->src\main\AndroidManifest.xml:4:3-83
47        android:extractNativeLibs="true"
47-->[:unityLibrary] AndroidManifest.xml:39:9-41
48        android:icon="@mipmap/app_icon"
48-->src\main\AndroidManifest.xml:4:49-80
49        android:label="@string/app_name"
49-->src\main\AndroidManifest.xml:4:16-48
50        android:theme="@style/UnityThemeSelector" >
50-->[:unityLibrary] AndroidManifest.xml:42:9-50
51        <activity
51-->[:unityLibrary] AndroidManifest.xml:43:9-59:20
52            android:name="com.unity3d.player.UnityPlayerActivity"
52-->[:unityLibrary] AndroidManifest.xml:44:13-66
53            android:configChanges="mcc|mnc|locale|touchscreen|keyboard|keyboardHidden|navigation|orientation|screenLayout|uiMode|screenSize|smallestScreenSize|fontScale|layoutDirection|density"
53-->[:unityLibrary] AndroidManifest.xml:45:13-194
54            android:hardwareAccelerated="false"
54-->[:unityLibrary] AndroidManifest.xml:46:13-48
55            android:launchMode="singleTask"
55-->[:unityLibrary] AndroidManifest.xml:47:13-44
56            android:resizeableActivity="false"
56-->[:unityLibrary] AndroidManifest.xml:48:13-47
57            android:screenOrientation="portrait" >
57-->[:unityLibrary] AndroidManifest.xml:49:13-49
58            <intent-filter>
58-->[:unityLibrary] AndroidManifest.xml:50:13-54:29
59                <action android:name="android.intent.action.MAIN" />
59-->[:unityLibrary] AndroidManifest.xml:51:17-69
59-->[:unityLibrary] AndroidManifest.xml:51:25-66
60
61                <category android:name="android.intent.category.LAUNCHER" />
61-->[:unityLibrary] AndroidManifest.xml:53:17-77
61-->[:unityLibrary] AndroidManifest.xml:53:27-74
62            </intent-filter>
63
64            <meta-data
64-->[:unityLibrary] AndroidManifest.xml:56:13-58:40
65                android:name="android.notch_support"
65-->[:unityLibrary] AndroidManifest.xml:57:17-53
66                android:value="true" />
66-->[:unityLibrary] AndroidManifest.xml:58:17-37
67        </activity>
68
69        <meta-data
69-->[:unityLibrary] AndroidManifest.xml:61:9-63:36
70            android:name="nreal_sdk"
70-->[:unityLibrary] AndroidManifest.xml:62:13-37
71            android:value="true" />
71-->[:unityLibrary] AndroidManifest.xml:63:13-33
72        <meta-data
72-->[:unityLibrary] AndroidManifest.xml:64:9-66:51
73            android:name="com.nreal.supportDevices"
73-->[:unityLibrary] AndroidManifest.xml:65:13-52
74            android:value="NrealLight|NrealAir" />
74-->[:unityLibrary] AndroidManifest.xml:66:13-48
75        <meta-data
75-->[:unityLibrary] AndroidManifest.xml:67:9-69:33
76            android:name="unity.splash-mode"
76-->[:unityLibrary] AndroidManifest.xml:68:13-45
77            android:value="0" />
77-->[:unityLibrary] AndroidManifest.xml:69:13-30
78        <meta-data
78-->[:unityLibrary] AndroidManifest.xml:70:9-72:36
79            android:name="unity.splash-enable"
79-->[:unityLibrary] AndroidManifest.xml:71:13-47
80            android:value="True" />
80-->[:unityLibrary] AndroidManifest.xml:72:13-33
81        <meta-data
81-->[:unityLibrary] AndroidManifest.xml:73:9-75:36
82            android:name="unity.launch-fullscreen"
82-->[:unityLibrary] AndroidManifest.xml:74:13-51
83            android:value="True" />
83-->[:unityLibrary] AndroidManifest.xml:75:13-33
84        <meta-data
84-->[:unityLibrary] AndroidManifest.xml:76:9-78:37
85            android:name="unity.allow-resizable-window"
85-->[:unityLibrary] AndroidManifest.xml:77:13-56
86            android:value="False" />
86-->[:unityLibrary] AndroidManifest.xml:78:13-34
87        <meta-data
87-->[:unityLibrary] AndroidManifest.xml:79:9-81:50
88            android:name="notch.config"
88-->[:unityLibrary] AndroidManifest.xml:80:13-40
89            android:value="portrait|landscape" />
89-->[:unityLibrary] AndroidManifest.xml:81:13-47
90
91        <service
91-->[:nrunityandroidpermission:] AndroidManifest.xml:15:9-19:63
92            android:name="ai.nreal.sdk.MediaProjectionService"
92-->[:nrunityandroidpermission:] AndroidManifest.xml:16:13-63
93            android:enabled="true"
93-->[:nrunityandroidpermission:] AndroidManifest.xml:17:13-35
94            android:exported="true"
94-->[:nrunityandroidpermission:] AndroidManifest.xml:18:13-36
95            android:foregroundServiceType="mediaProjection" />
95-->[:nrunityandroidpermission:] AndroidManifest.xml:19:13-60
96    </application>
97
98</manifest>